<?xml version="1.0" encoding="UTF-8"?>
<!-- Generated by org.testng.reporters.JUnitXMLReporter -->
<testsuite hostname="Crane" name="Team2Test" tests="7" failures="0" timestamp="22 Feb 2019 08:36:49 GMT" time="368.33" errors="0">
  <testcase name="TestRedeemNotice1208SendEmailBatch" time="25.927" classname="com.jxrt.test.Team2Test"/>
  <testcase name="TestRedeemNotice1208SendEmailCredit" time="24.885" classname="com.jxrt.test.Team2Test"/>
  <testcase name="TestRedeemNotice1208SendEmailReceivable" time="24.34" classname="com.jxrt.test.Team2Test"/>
  <testcase name="TestRedeemNotice206SendEmailCredit" time="25.664" classname="com.jxrt.test.Team2Test"/>
  <testcase name="TestRedeemNotice206SendEmailReceivable" time="25.099" classname="com.jxrt.test.Team2Test"/>
  <testcase name="TestRedeemNoticeCreditList" time="131.298" classname="com.jxrt.test.Team2Test"/>
  <testcase name="TestRedeemNoticeCreditNum" time="72.235" classname="com.jxrt.test.Team2Test"/>
</testsuite> <!-- Team2Test -->
