<?xml version="1.0" encoding="UTF-8"?>
<!-- Generated by org.testng.reporters.JUnitXMLReporter -->
<testsuite hostname="Crane" name="Default test" tests="3" failures="0" timestamp="23 Nov 2018 11:23:38 GMT" time="164.945" errors="0">
  <testcase name="TestReceivableApproveNoPass" time="60.562" classname="com.jxrt.test.Team2Test"/>
  <testcase name="TestReceivableApproveNoPassModify" time="22.361" classname="com.jxrt.test.Team2Test"/>
  <testcase name="TestReceivableApprovePass" time="64.506" classname="com.jxrt.test.Team2Test"/>
</testsuite> <!-- Default test -->
